<?xml version="1.0" encoding="UTF-8"?>
<testng-results skipped="0" failed="0" ignored="0" total="2" passed="2">
  <reporter-output>
  </reporter-output>
  <suite name="testsuite" duration-ms="80" started-at="2018-05-09T13:14:15Z" finished-at="2018-05-09T13:14:15Z">
    <groups>
    </groups>
    <test name="login" duration-ms="40" started-at="2018-05-09T13:14:15Z" finished-at="2018-05-09T13:14:15Z">
      <class name="pri.study.suit.SuitConfig">
        <test-method status="PASS" signature="test1()[pri:0, instance:pri.study.suit.SuitConfig@2d45ba]" name="test1" is-config="true" duration-ms="1" started-at="2018-05-09T13:14:15Z" finished-at="2018-05-09T13:14:15Z">
          <reporter-output>
          </reporter-output>
        </test-method> <!-- test1 -->
        <test-method status="PASS" signature="test2()[pri:0, instance:pri.study.suit.SuitConfig@2d45ba]" name="test2" is-config="true" duration-ms="0" started-at="2018-05-09T13:14:15Z" finished-at="2018-05-09T13:14:15Z">
          <reporter-output>
          </reporter-output>
        </test-method> <!-- test2 -->
      </class> <!-- pri.study.suit.SuitConfig -->
      <class name="pri.study.suit.Login">
        <test-method status="PASS" signature="login()[pri:0, instance:pri.study.suit.Login@5ca609]" name="login" duration-ms="6" started-at="2018-05-09T13:14:15Z" finished-at="2018-05-09T13:14:15Z">
          <reporter-output>
          </reporter-output>
        </test-method> <!-- login -->
      </class> <!-- pri.study.suit.Login -->
    </test> <!-- login -->
    <test name="pay" duration-ms="6" started-at="2018-05-09T13:14:15Z" finished-at="2018-05-09T13:14:15Z">
      <class name="pri.study.suit.SuitConfig">
        <test-method status="PASS" signature="test3()[pri:0, instance:pri.study.suit.SuitConfig@653222]" name="test3" is-config="true" duration-ms="18" started-at="2018-05-09T13:14:15Z" finished-at="2018-05-09T13:14:15Z">
          <reporter-output>
          </reporter-output>
        </test-method> <!-- test3 -->
        <test-method status="PASS" signature="test1()[pri:0, instance:pri.study.suit.SuitConfig@653222]" name="test1" is-config="true" duration-ms="0" started-at="2018-05-09T13:14:15Z" finished-at="2018-05-09T13:14:15Z">
          <reporter-output>
          </reporter-output>
        </test-method> <!-- test1 -->
        <test-method status="PASS" signature="test2()[pri:0, instance:pri.study.suit.SuitConfig@653222]" name="test2" is-config="true" duration-ms="1" started-at="2018-05-09T13:14:15Z" finished-at="2018-05-09T13:14:15Z">
          <reporter-output>
          </reporter-output>
        </test-method> <!-- test2 -->
        <test-method status="PASS" signature="test4()[pri:0, instance:pri.study.suit.SuitConfig@653222]" name="test4" is-config="true" duration-ms="0" started-at="2018-05-09T13:14:15Z" finished-at="2018-05-09T13:14:15Z">
          <reporter-output>
          </reporter-output>
        </test-method> <!-- test4 -->
      </class> <!-- pri.study.suit.SuitConfig -->
      <class name="pri.study.suit.Pay">
        <test-method status="PASS" signature="pay()[pri:0, instance:pri.study.suit.Pay@132ec19]" name="pay" duration-ms="2" started-at="2018-05-09T13:14:15Z" finished-at="2018-05-09T13:14:15Z">
          <reporter-output>
          </reporter-output>
        </test-method> <!-- pay -->
      </class> <!-- pri.study.suit.Pay -->
    </test> <!-- pay -->
  </suite> <!-- testsuite -->
</testng-results>
