<?xml version="1.0" encoding="UTF-8"?>
<testng-results skipped="0" failed="0" ignored="0" total="2" passed="2">
  <reporter-output>
  </reporter-output>
  <suite name="Default suite" duration-ms="33" started-at="2018-05-09T12:24:03Z" finished-at="2018-05-09T12:24:03Z">
    <groups>
    </groups>
    <test name="Default test" duration-ms="33" started-at="2018-05-09T12:24:03Z" finished-at="2018-05-09T12:24:03Z">
      <class name="pri.study.first.First">
        <test-method status="PASS" signature="test7()[pri:0, instance:pri.study.first.First@16905e]" name="test7" is-config="true" duration-ms="16" started-at="2018-05-09T12:24:03Z" finished-at="2018-05-09T12:24:03Z">
          <reporter-output>
          </reporter-output>
        </test-method> <!-- test7 -->
        <test-method status="PASS" signature="test5()[pri:0, instance:pri.study.first.First@16905e]" name="test5" is-config="true" duration-ms="0" started-at="2018-05-09T12:24:03Z" finished-at="2018-05-09T12:24:03Z">
          <reporter-output>
          </reporter-output>
        </test-method> <!-- test5 -->
        <test-method status="PASS" signature="test3()[pri:0, instance:pri.study.first.First@16905e]" name="test3" is-config="true" duration-ms="0" started-at="2018-05-09T12:24:03Z" finished-at="2018-05-09T12:24:03Z">
          <reporter-output>
          </reporter-output>
        </test-method> <!-- test3 -->
        <test-method status="PASS" signature="test1()[pri:0, instance:pri.study.first.First@16905e]" name="test1" duration-ms="5" started-at="2018-05-09T12:24:03Z" finished-at="2018-05-09T12:24:03Z">
          <reporter-output>
          </reporter-output>
        </test-method> <!-- test1 -->
        <test-method status="PASS" signature="test3()[pri:0, instance:pri.study.first.First@16905e]" name="test3" is-config="true" duration-ms="1" started-at="2018-05-09T12:24:03Z" finished-at="2018-05-09T12:24:03Z">
          <reporter-output>
          </reporter-output>
        </test-method> <!-- test3 -->
        <test-method status="PASS" signature="test4()[pri:0, instance:pri.study.first.First@16905e]" name="test4" is-config="true" duration-ms="0" started-at="2018-05-09T12:24:03Z" finished-at="2018-05-09T12:24:03Z">
          <reporter-output>
          </reporter-output>
        </test-method> <!-- test4 -->
        <test-method status="PASS" signature="test2()[pri:0, instance:pri.study.first.First@16905e]" name="test2" duration-ms="1" started-at="2018-05-09T12:24:03Z" finished-at="2018-05-09T12:24:03Z">
          <reporter-output>
          </reporter-output>
        </test-method> <!-- test2 -->
        <test-method status="PASS" signature="test4()[pri:0, instance:pri.study.first.First@16905e]" name="test4" is-config="true" duration-ms="0" started-at="2018-05-09T12:24:03Z" finished-at="2018-05-09T12:24:03Z">
          <reporter-output>
          </reporter-output>
        </test-method> <!-- test4 -->
        <test-method status="PASS" signature="test6()[pri:0, instance:pri.study.first.First@16905e]" name="test6" is-config="true" duration-ms="0" started-at="2018-05-09T12:24:03Z" finished-at="2018-05-09T12:24:03Z">
          <reporter-output>
          </reporter-output>
        </test-method> <!-- test6 -->
        <test-method status="PASS" signature="test8()[pri:0, instance:pri.study.first.First@16905e]" name="test8" is-config="true" duration-ms="0" started-at="2018-05-09T12:24:03Z" finished-at="2018-05-09T12:24:03Z">
          <reporter-output>
          </reporter-output>
        </test-method> <!-- test8 -->
      </class> <!-- pri.study.first.First -->
    </test> <!-- Default test -->
  </suite> <!-- Default suite -->
</testng-results>
