<?xml version="1.0" encoding="UTF-8"?>
<!-- Generated by org.testng.reporters.JUnitXMLReporter -->
<testsuite hostname="cty" ignored="1" name="testgroupbyclass" tests="2" failures="0" timestamp="09 五月 2018 14:10:45 GMT" time="0.06" errors="0">
  <testcase name="test" time="0.011" classname="pri.study.groupc.GroupByStudent1"/>
  <testcase name="test" time="0.002" classname="pri.study.groupc.GroupByStudent2"/>
  <testcase name="test" time="0.0" classname="pri.study.groupc.GroupByTeacher">
    <ignored/>
  </testcase> <!-- test -->
</testsuite> <!-- testgroupbyclass -->
