<?xml version="1.0" encoding="UTF-8"?>
<testng-results skipped="0" failed="0" ignored="0" total="7" passed="7">
  <reporter-output>
  </reporter-output>
  <suite name="用户管理系统测试套件" duration-ms="708" started-at="2018-05-14T14:06:13Z" finished-at="2018-05-14T14:06:14Z">
    <groups>
      <group name="loginTrue">
        <method signature="LoginTest.loginTrue()[pri:0, instance:org.item1.cases.LoginTest@651fd0]" name="loginTrue" class="org.item1.cases.LoginTest"/>
      </group> <!-- loginTrue -->
      <group name="loginFalse">
        <method signature="LoginTest.loginFalse()[pri:0, instance:org.item1.cases.LoginTest@651fd0]" name="loginFalse" class="org.item1.cases.LoginTest"/>
      </group> <!-- loginFalse -->
    </groups>
    <test name="用户管理系统测试用例" duration-ms="708" started-at="2018-05-14T14:06:13Z" finished-at="2018-05-14T14:06:14Z">
      <class name="org.item1.cases.GetUserInfoTest">
        <test-method status="PASS" signature="getUserInfo()[pri:0, instance:org.item1.cases.GetUserInfoTest@1c7cbad]" name="getUserInfo" duration-ms="31" depends-on-groups="loginTrue" started-at="2018-05-14T22:06:14Z" description="获取useriId为1的用户" finished-at="2018-05-14T22:06:14Z">
          <reporter-output>
          </reporter-output>
        </test-method> <!-- getUserInfo -->
      </class> <!-- org.item1.cases.GetUserInfoTest -->
      <class name="org.item1.cases.AddUserTest">
        <test-method status="PASS" signature="addUser()[pri:0, instance:org.item1.cases.AddUserTest@120ebad]" name="addUser" duration-ms="33" depends-on-groups="loginTrue" started-at="2018-05-14T22:06:14Z" description="添加用户接口测试" finished-at="2018-05-14T22:06:14Z">
          <reporter-output>
          </reporter-output>
        </test-method> <!-- addUser -->
      </class> <!-- org.item1.cases.AddUserTest -->
      <class name="org.item1.cases.GetUserListTest">
        <test-method status="PASS" signature="getUserList()[pri:0, instance:org.item1.cases.GetUserListTest@12cc05a]" name="getUserList" duration-ms="30" depends-on-groups="loginTrue" started-at="2018-05-14T22:06:14Z" description="获取性别为男的用户信息" finished-at="2018-05-14T22:06:14Z">
          <reporter-output>
          </reporter-output>
        </test-method> <!-- getUserList -->
      </class> <!-- org.item1.cases.GetUserListTest -->
      <class name="org.item1.cases.UpdateUserInfoTest">
        <test-method status="PASS" signature="updateUserInfo()[pri:0, instance:org.item1.cases.UpdateUserInfoTest@1933fd1]" name="updateUserInfo" duration-ms="30" depends-on-groups="loginTrue" started-at="2018-05-14T22:06:14Z" description="更改用户信息" finished-at="2018-05-14T22:06:14Z">
          <reporter-output>
          </reporter-output>
        </test-method> <!-- updateUserInfo -->
        <test-method status="PASS" signature="deleteUser()[pri:0, instance:org.item1.cases.UpdateUserInfoTest@1933fd1]" name="deleteUser" duration-ms="28" depends-on-groups="loginTrue" started-at="2018-05-14T22:06:14Z" description="删除用户信息" finished-at="2018-05-14T22:06:14Z">
          <reporter-output>
          </reporter-output>
        </test-method> <!-- deleteUser -->
      </class> <!-- org.item1.cases.UpdateUserInfoTest -->
      <class name="org.item1.cases.LoginTest">
        <test-method status="PASS" signature="beforeTest()[pri:0, instance:org.item1.cases.LoginTest@651fd0]" name="beforeTest" is-config="true" duration-ms="46" started-at="2018-05-14T22:06:13Z" description="测试准备工作，获取httpclient对象" finished-at="2018-05-14T22:06:13Z">
          <reporter-output>
          </reporter-output>
        </test-method> <!-- beforeTest -->
        <test-method status="PASS" signature="loginTrue()[pri:0, instance:org.item1.cases.LoginTest@651fd0]" name="loginTrue" duration-ms="443" started-at="2018-05-14T22:06:13Z" description="用户登录成功接口测试" finished-at="2018-05-14T22:06:14Z">
          <reporter-output>
          </reporter-output>
        </test-method> <!-- loginTrue -->
        <test-method status="PASS" signature="loginFalse()[pri:0, instance:org.item1.cases.LoginTest@651fd0]" name="loginFalse" duration-ms="35" started-at="2018-05-14T22:06:14Z" description="用户登录失败接口测试" finished-at="2018-05-14T22:06:14Z">
          <reporter-output>
          </reporter-output>
        </test-method> <!-- loginFalse -->
      </class> <!-- org.item1.cases.LoginTest -->
    </test> <!-- 用户管理系统测试用例 -->
  </suite> <!-- 用户管理系统测试套件 -->
</testng-results>
