<?xml version="1.0" encoding="UTF-8"?>
<!-- Generated by org.testng.reporters.JUnitXMLReporter -->
<testsuite hostname="cty" ignored="0" name="用户管理系统测试用例" tests="7" failures="0" timestamp="14 五月 2018 14:06:14 GMT" time="0.708" errors="0">
  <testcase name="loginTrue" time="0.443" classname="org.item1.cases.LoginTest"/>
  <testcase name="loginFalse" time="0.035" classname="org.item1.cases.LoginTest"/>
  <testcase name="addUser" time="0.033" classname="org.item1.cases.AddUserTest"/>
  <testcase name="getUserInfo" time="0.031" classname="org.item1.cases.GetUserInfoTest"/>
  <testcase name="getUserList" time="0.03" classname="org.item1.cases.GetUserListTest"/>
  <testcase name="updateUserInfo" time="0.03" classname="org.item1.cases.UpdateUserInfoTest"/>
  <testcase name="deleteUser" time="0.028" classname="org.item1.cases.UpdateUserInfoTest"/>
</testsuite> <!-- 用户管理系统测试用例 -->
