<?xml version="1.0" encoding="UTF-8"?>
<!-- Generated by org.testng.reporters.JUnitXMLReporter -->
<testsuite hostname="cty" ignored="0" name="testmulthreadbyxml" tests="3" failures="0" timestamp="09 五月 2018 16:55:59 GMT" time="0.061" errors="0">
  <testcase name="test3" time="0.018" classname="pri.study.threadtwo.ByXml"/>
  <testcase name="test1" time="0.018" classname="pri.study.threadtwo.ByXml"/>
  <testcase name="test2" time="0.02" classname="pri.study.threadtwo.ByXml"/>
</testsuite> <!-- testmulthreadbyxml -->
