<?xml version="1.0" encoding="UTF-8"?>
<testng-results skipped="0" failed="0" ignored="0" total="2" passed="2">
  <reporter-output>
  </reporter-output>
  <suite name="Default suite" duration-ms="575" started-at="2018-05-11T09:19:29Z" finished-at="2018-05-11T09:19:29Z">
    <groups>
    </groups>
    <test name="Default test" duration-ms="575" started-at="2018-05-11T09:19:29Z" finished-at="2018-05-11T09:19:29Z">
      <class name="org.httpclient.post.PostTest">
        <test-method status="PASS" signature="beforetest()[pri:0, instance:org.httpclient.post.PostTest@653222]" name="beforetest" is-config="true" duration-ms="18" started-at="2018-05-11T09:19:29Z" finished-at="2018-05-11T09:19:29Z">
          <reporter-output>
          </reporter-output>
        </test-method> <!-- beforetest -->
        <test-method status="PASS" signature="testGetCookies()[pri:0, instance:org.httpclient.post.PostTest@653222]" name="testGetCookies" duration-ms="488" started-at="2018-05-11T09:19:29Z" finished-at="2018-05-11T09:19:29Z">
          <reporter-output>
          </reporter-output>
        </test-method> <!-- testGetCookies -->
        <test-method status="PASS" signature="testPostMethod()[pri:0, instance:org.httpclient.post.PostTest@653222]" name="testPostMethod" duration-ms="20" started-at="2018-05-11T09:19:29Z" depends-on-methods="org.httpclient.post.PostTest.testGetCookies" finished-at="2018-05-11T09:19:29Z">
          <reporter-output>
          </reporter-output>
        </test-method> <!-- testPostMethod -->
      </class> <!-- org.httpclient.post.PostTest -->
    </test> <!-- Default test -->
  </suite> <!-- Default suite -->
</testng-results>
